<?xml version="1.0" encoding="UTF-8"?>
<testsuite name="Retrieve User Details" tests="1" skipped="0" failures="0" errors="0" timestamp="2024-08-24T16:25:59" hostname="DESKTOP-69U782D" time="3.415">
  <properties/>
  <testcase name="Successfully retrieve user details by user ID" classname="Retrieve User Details" time="3.415"/>
  <system-out><![CDATA[
Scenario: Successfully retrieve user details by user ID   ?[90m# src/test/resources/API/getUser.feature:2?[0m
  ?[32mGiven ?[0m?[32mI have a user with ID ?[0m?[32m?[1m"2"?[0m                         ?[90m# API.getUser.iHaveAUserWithID(java.lang.String)?[0m
23:26:00.949 [Test worker] DEBUG org.apache.http.impl.conn.BasicClientConnectionManager -- Get connection for route {s}->https://reqres.in:443
23:26:00.967 [Test worker] DEBUG org.apache.http.impl.conn.DefaultClientConnectionOperator -- Connecting to reqres.in:443
23:26:01.360 [Test worker] DEBUG org.apache.http.client.protocol.RequestAddCookies -- CookieSpec selected: ignoreCookies
23:26:01.362 [Test worker] DEBUG org.apache.http.client.protocol.RequestAuthCache -- Auth cache not set in the context
23:26:01.362 [Test worker] DEBUG org.apache.http.client.protocol.RequestTargetAuthentication -- Target auth state: UNCHALLENGED
23:26:01.363 [Test worker] DEBUG org.apache.http.client.protocol.RequestProxyAuthentication -- Proxy auth state: UNCHALLENGED
23:26:01.363 [Test worker] DEBUG org.apache.http.impl.client.DefaultHttpClient -- Attempt 1 to execute request
23:26:01.364 [Test worker] DEBUG org.apache.http.impl.conn.DefaultClientConnection -- Sending request: GET /api/users/2 HTTP/1.1
23:26:01.364 [Test worker] DEBUG org.apache.http.wire --  >> "GET /api/users/2 HTTP/1.1[\r][\n]"
23:26:01.370 [Test worker] DEBUG org.apache.http.wire --  >> "Accept: */*[\r][\n]"
23:26:01.372 [Test worker] DEBUG org.apache.http.wire --  >> "Host: reqres.in[\r][\n]"
23:26:01.373 [Test worker] DEBUG org.apache.http.wire --  >> "Connection: Keep-Alive[\r][\n]"
23:26:01.376 [Test worker] DEBUG org.apache.http.wire --  >> "User-Agent: Apache-HttpClient/4.5.13 (Java/21.0.4)[\r][\n]"
23:26:01.380 [Test worker] DEBUG org.apache.http.wire --  >> "Accept-Encoding: gzip,deflate[\r][\n]"
23:26:01.381 [Test worker] DEBUG org.apache.http.wire --  >> "[\r][\n]"
23:26:01.383 [Test worker] DEBUG org.apache.http.headers -- >> GET /api/users/2 HTTP/1.1
23:26:01.385 [Test worker] DEBUG org.apache.http.headers -- >> Accept: */*
23:26:01.389 [Test worker] DEBUG org.apache.http.headers -- >> Host: reqres.in
23:26:01.391 [Test worker] DEBUG org.apache.http.headers -- >> Connection: Keep-Alive
23:26:01.393 [Test worker] DEBUG org.apache.http.headers -- >> User-Agent: Apache-HttpClient/4.5.13 (Java/21.0.4)
23:26:01.394 [Test worker] DEBUG org.apache.http.headers -- >> Accept-Encoding: gzip,deflate
23:26:01.453 [Test worker] DEBUG org.apache.http.wire --  << "HTTP/1.1 200 OK[\r][\n]"
23:26:01.455 [Test worker] DEBUG org.apache.http.wire --  << "Date: Sat, 24 Aug 2024 16:26:01 GMT[\r][\n]"
23:26:01.456 [Test worker] DEBUG org.apache.http.wire --  << "Content-Type: application/json; charset=utf-8[\r][\n]"
23:26:01.457 [Test worker] DEBUG org.apache.http.wire --  << "Transfer-Encoding: chunked[\r][\n]"
23:26:01.457 [Test worker] DEBUG org.apache.http.wire --  << "Connection: keep-alive[\r][\n]"
23:26:01.457 [Test worker] DEBUG org.apache.http.wire --  << "Report-To: {"group":"heroku-nel","max_age":3600,"endpoints":[{"url":"https://nel.heroku.com/reports?ts=1721834940&sid=c4c9725f-1ab0-44d8-820f-430df2718e11&s=0hJarvx%2FpYLo992Wyzzl7jyrYHIPflfe0n%2BECNSSA5c%3D"}]}[\r][\n]"
23:26:01.457 [Test worker] DEBUG org.apache.http.wire --  << "Reporting-Endpoints: heroku-nel=https://nel.heroku.com/reports?ts=1721834940&sid=c4c9725f-1ab0-44d8-820f-430df2718e11&s=0hJarvx%2FpYLo992Wyzzl7jyrYHIPflfe0n%2BECNSSA5c%3D[\r][\n]"
23:26:01.457 [Test worker] DEBUG org.apache.http.wire --  << "Nel: {"report_to":"heroku-nel","max_age":3600,"success_fraction":0.005,"failure_fraction":0.05,"response_headers":["Via"]}[\r][\n]"
23:26:01.457 [Test worker] DEBUG org.apache.http.wire --  << "X-Powered-By: Express[\r][\n]"
23:26:01.457 [Test worker] DEBUG org.apache.http.wire --  << "Access-Control-Allow-Origin: *[\r][\n]"
23:26:01.457 [Test worker] DEBUG org.apache.http.wire --  << "Etag: W/"118-pbdwwFo9SKNhD3Lx5iHJyngpq00"[\r][\n]"
23:26:01.457 [Test worker] DEBUG org.apache.http.wire --  << "Via: 1.1 vegur[\r][\n]"
23:26:01.457 [Test worker] DEBUG org.apache.http.wire --  << "Cache-Control: max-age=14400[\r][\n]"
23:26:01.458 [Test worker] DEBUG org.apache.http.wire --  << "CF-Cache-Status: HIT[\r][\n]"
23:26:01.458 [Test worker] DEBUG org.apache.http.wire --  << "Age: 3301[\r][\n]"
23:26:01.458 [Test worker] DEBUG org.apache.http.wire --  << "Vary: Accept-Encoding[\r][\n]"
23:26:01.458 [Test worker] DEBUG org.apache.http.wire --  << "Server: cloudflare[\r][\n]"
23:26:01.458 [Test worker] DEBUG org.apache.http.wire --  << "CF-RAY: 8b84b39d5a8f40a7-SIN[\r][\n]"
23:26:01.458 [Test worker] DEBUG org.apache.http.wire --  << "Content-Encoding: gzip[\r][\n]"
23:26:01.458 [Test worker] DEBUG org.apache.http.wire --  << "[\r][\n]"
23:26:01.459 [Test worker] DEBUG org.apache.http.impl.conn.DefaultClientConnection -- Receiving response: HTTP/1.1 200 OK
23:26:01.459 [Test worker] DEBUG org.apache.http.headers -- << HTTP/1.1 200 OK
23:26:01.459 [Test worker] DEBUG org.apache.http.headers -- << Date: Sat, 24 Aug 2024 16:26:01 GMT
23:26:01.459 [Test worker] DEBUG org.apache.http.headers -- << Content-Type: application/json; charset=utf-8
23:26:01.459 [Test worker] DEBUG org.apache.http.headers -- << Transfer-Encoding: chunked
23:26:01.459 [Test worker] DEBUG org.apache.http.headers -- << Connection: keep-alive
23:26:01.459 [Test worker] DEBUG org.apache.http.headers -- << Report-To: {"group":"heroku-nel","max_age":3600,"endpoints":[{"url":"https://nel.heroku.com/reports?ts=1721834940&sid=c4c9725f-1ab0-44d8-820f-430df2718e11&s=0hJarvx%2FpYLo992Wyzzl7jyrYHIPflfe0n%2BECNSSA5c%3D"}]}
23:26:01.459 [Test worker] DEBUG org.apache.http.headers -- << Reporting-Endpoints: heroku-nel=https://nel.heroku.com/reports?ts=1721834940&sid=c4c9725f-1ab0-44d8-820f-430df2718e11&s=0hJarvx%2FpYLo992Wyzzl7jyrYHIPflfe0n%2BECNSSA5c%3D
23:26:01.459 [Test worker] DEBUG org.apache.http.headers -- << Nel: {"report_to":"heroku-nel","max_age":3600,"success_fraction":0.005,"failure_fraction":0.05,"response_headers":["Via"]}
23:26:01.459 [Test worker] DEBUG org.apache.http.headers -- << X-Powered-By: Express
23:26:01.460 [Test worker] DEBUG org.apache.http.headers -- << Access-Control-Allow-Origin: *
23:26:01.460 [Test worker] DEBUG org.apache.http.headers -- << Etag: W/"118-pbdwwFo9SKNhD3Lx5iHJyngpq00"
23:26:01.460 [Test worker] DEBUG org.apache.http.headers -- << Via: 1.1 vegur
23:26:01.460 [Test worker] DEBUG org.apache.http.headers -- << Cache-Control: max-age=14400
23:26:01.460 [Test worker] DEBUG org.apache.http.headers -- << CF-Cache-Status: HIT
23:26:01.460 [Test worker] DEBUG org.apache.http.headers -- << Age: 3301
23:26:01.460 [Test worker] DEBUG org.apache.http.headers -- << Vary: Accept-Encoding
23:26:01.460 [Test worker] DEBUG org.apache.http.headers -- << Server: cloudflare
23:26:01.460 [Test worker] DEBUG org.apache.http.headers -- << CF-RAY: 8b84b39d5a8f40a7-SIN
23:26:01.460 [Test worker] DEBUG org.apache.http.headers -- << Content-Encoding: gzip
23:26:01.468 [Test worker] DEBUG org.apache.http.impl.client.DefaultHttpClient -- Connection can be kept alive indefinitely
23:26:01.476 [Test worker] DEBUG io.restassured.internal.RestAssuredHttpBuilder -- Parsing response as: application/json; charset=utf-8
23:26:01.476 [Test worker] DEBUG org.apache.http.wire --  << "d0[\r][\n]"
23:26:01.477 [Test worker] DEBUG org.apache.http.wire --  << "[0x1f][0x8b][0x8][0x0][0x0][0x0][0x0][0x0][0x0][0x3]m[0x8e][0xb1]j[0xc3]0[0x14]E]]>&#x7f;<![CDATA[E[0xbd]Y[0x15][0x1b]2j[0xea][0xdc]1[0x14]:[0x96]W[0xfb][0xda]QjK[0xca][0xd3][0xb3][0x13][0x8][0xfe][0xf7][0x92]R[0xda][0xa5][0xeb][0xe5][0x9c][0xc3][0xbd][0xa3][0x17][0x13][0x84];b[0x8f]p[0xf0][0xe0],qB[0xc0]Y[0x12][0xad][0xb9]RV[0xea][0xb3][0xf2][0xa2][0xac]ML[0xf0][0x18][0xa2]V{O2[0x13][0x1]/[0xf][\n]"
23:26:01.477 [Test worker] DEBUG org.apache.http.wire --  << "[0x1e][0x93][0xfc]mo[0xdf][0xe]<d[0x15][0x13]E[0xc0][0xc9][0xac][0xd4][0xd0][0xb6][0xbf][0x99]6[0xce]c;H[0xc7][0xda][0x1e][0xf6]q[0x96][0x91][0xcd][0xb9][0x8c][0xd8]<[0xea]RJV{[0x1c]Zt[0xfa][0xd7][0xdd][0xfd]0[0xfb][0x13][0xa5][0x8f]i[0x84][0x87][0xf1]f[0x8]x[0xcd][0xee][0x93],[0xee][0xc8][0xcb][0x91][0xd5][\r]Jz[0xd7][0xe5]d[0x1a]?[0x16][0x8b]9Ug[0xf9]*[0xda]WW[0xa9]+[0xd5]u[0xb9]Zu[0xa2]tR[0x8a][0xb2][0x8b]b[0xec][0x9f][0xb0]m_[0xb][0x8c][0xc5][0xb5][0x18][0x1][0x0][0x0]"
23:26:01.477 [Test worker] DEBUG org.apache.http.wire --  << "[\r][\n]"
23:26:01.492 [Test worker] DEBUG org.apache.http.wire --  << "0[\r][\n]"
23:26:01.492 [Test worker] DEBUG org.apache.http.wire --  << "[\r][\n]"
23:26:01.492 [Test worker] DEBUG io.restassured.internal.RestAssuredHttpBuilder -- Parsed data to instance of: class org.apache.http.conn.EofSensorInputStream
23:26:01.633 [Test worker] DEBUG org.apache.http.impl.conn.BasicClientConnectionManager -- Releasing connection org.apache.http.impl.conn.ManagedClientConnectionImpl@1f992a3a
23:26:01.633 [Test worker] DEBUG org.apache.http.impl.conn.BasicClientConnectionManager -- Connection can be kept alive indefinitely
Response: {"data":{"id":2,"email":"janet.weaver@reqres.in","first_name":"Janet","last_name":"Weaver","avatar":"https://reqres.in/img/faces/2-image.jpg"},"support":{"url":"https://reqres.in/#support-heading","text":"To keep ReqRes free, contributions towards server costs are appreciated!"}}
  ?[32mWhen ?[0m?[32mI request the details for the user with ID ?[0m?[32m?[1m"2"?[0m     ?[90m# API.getUser.iRequestTheDetailsForTheUserWithID(java.lang.String)?[0m
Status Code: 200
  ?[32mThen ?[0m?[32mthe response code should be ?[0m?[32m?[1m200?[0m                    ?[90m# API.getUser.theResponseCodeShouldBe(int)?[0m
Pencarian ID: 2
  ?[32mAnd ?[0m?[32mthe response should contain the user ID ?[0m?[32m?[1m"2"?[0m?[32m details?[0m ?[90m# API.getUser.theResponseShouldContainTheUserIDDetails(java.lang.String)?[0m
]]></system-out>
  <system-err><![CDATA[]]></system-err>
</testsuite>
